# JRE version: OpenJDK Runtime Environment (21.0.6) (build 21.0.6+-13368085-b895.109)
# Java VM: OpenJDK 64-Bit Server VM (21.0.6+-13368085-b895.109, mixed mode, tiered, compressed oops, compressed class ptrs, g1 gc, windows-amd64)
GC Precious Log:
 CardTable entry size: 512
 Card Set container configuration: InlinePtr #cards 5 size 8 Array Of Cards #cards 12 size 40 Howl #buckets 4 coarsen threshold 1843 Howl Bitmap #cards 512 size 80 coarsen threshold 460 Card regions per heap region 1 cards per card region 2048
 CPUs: 8 total, 8 available
 Memory: 8070M
 Large Page Support: Disabled
 NUMA Support: Disabled
 Compressed Oops: Enabled (32-bit)
 Heap Region Size: 1M
 Heap Min Capacity: 8M
 Heap Initial Capacity: 128M
 Heap Max Capacity: 2G
 Pre-touch: Disabled
 Parallel Workers: 8
 Concurrent Workers: 2
 Concurrent Refinement Workers: 8
 Periodic GC: Disabled
Heap:
 garbage-first heap   total 115712K, used 66218K [0x0000000080000000, 0x0000000100000000)
  region size 1024K, 24 young (24576K), 4 survivors (4096K)
 Metaspace       used 67931K, committed 69568K, reserved 1114112K
  class space    used 9145K, committed 9920K, reserved 1048576K
GC Heap History (20 events):
Event: 2.092 GC heap before
{Heap before GC invocations=3 (full 0):
 garbage-first heap   total 131072K, used 40037K [0x0000000080000000, 0x0000000100000000)
  region size 1024K, 30 young (30720K), 6 survivors (6144K)
 Metaspace       used 21168K, committed 21504K, reserved 1114112K
  class space    used 2437K, committed 2624K, reserved 1048576K
}
Event: 2.097 GC heap after
{Heap after GC invocations=4 (full 0):
 garbage-first heap   total 131072K, used 20744K [0x0000000080000000, 0x0000000100000000)
  region size 1024K, 9 young (9216K), 9 survivors (9216K)
 Metaspace       used 21168K, committed 21504K, reserved 1114112K
  class space    used 2437K, committed 2624K, reserved 1048576K
}
Event: 2.722 GC heap before
{Heap before GC invocations=5 (full 0):
 garbage-first heap   total 71680K, used 70920K [0x0000000080000000, 0x0000000100000000)
  region size 1024K, 58 young (59392K), 9 survivors (9216K)
 Metaspace       used 29343K, committed 29952K, reserved 1114112K
  class space    used 3740K, committed 4032K, reserved 1048576K
}
Event: 2.730 GC heap after
{Heap after GC invocations=6 (full 0):
 garbage-first heap   total 83968K, used 23060K [0x0000000080000000, 0x0000000100000000)
  region size 1024K, 6 young (6144K), 6 survivors (6144K)
 Metaspace       used 29343K, committed 29952K, reserved 1114112K
  class space    used 3740K, committed 4032K, reserved 1048576K
}
Event: 3.280 GC heap before
{Heap before GC invocations=6 (full 0):
 garbage-first heap   total 83968K, used 65044K [0x0000000080000000, 0x0000000100000000)
  region size 1024K, 47 young (48128K), 6 survivors (6144K)
 Metaspace       used 34925K, committed 35840K, reserved 1114112K
  class space    used 4657K, committed 5120K, reserved 1048576K
}
Event: 3.286 GC heap after
{Heap after GC invocations=7 (full 0):
 garbage-first heap   total 83968K, used 25677K [0x0000000080000000, 0x0000000100000000)
  region size 1024K, 6 young (6144K), 6 survivors (6144K)
 Metaspace       used 34925K, committed 35840K, reserved 1114112K
  class space    used 4657K, committed 5120K, reserved 1048576K
}
Event: 3.315 GC heap before
{Heap before GC invocations=7 (full 0):
 garbage-first heap   total 83968K, used 28749K [0x0000000080000000, 0x0000000100000000)
  region size 1024K, 10 young (10240K), 6 survivors (6144K)
 Metaspace       used 35251K, committed 36096K, reserved 1114112K
  class space    used 4719K, committed 5120K, reserved 1048576K
}
Event: 3.319 GC heap after
{Heap after GC invocations=8 (full 0):
 garbage-first heap   total 101376K, used 26227K [0x0000000080000000, 0x0000000100000000)
  region size 1024K, 4 young (4096K), 4 survivors (4096K)
 Metaspace       used 35251K, committed 36096K, reserved 1114112K
  class space    used 4719K, committed 5120K, reserved 1048576K
}
Event: 3.908 GC heap before
{Heap before GC invocations=9 (full 0):
 garbage-first heap   total 92160K, used 81523K [0x0000000080000000, 0x0000000100000000)
  region size 1024K, 59 young (60416K), 4 survivors (4096K)
 Metaspace       used 45219K, committed 46336K, reserved 1114112K
  class space    used 6032K, committed 6592K, reserved 1048576K
}
Event: 3.914 GC heap after
{Heap after GC invocations=10 (full 0):
 garbage-first heap   total 92160K, used 31216K [0x0000000080000000, 0x0000000100000000)
  region size 1024K, 8 young (8192K), 8 survivors (8192K)
 Metaspace       used 45219K, committed 46336K, reserved 1114112K
  class space    used 6032K, committed 6592K, reserved 1048576K
}
Event: 4.313 GC heap before
{Heap before GC invocations=10 (full 0):
 garbage-first heap   total 92160K, used 81392K [0x0000000080000000, 0x0000000100000000)
  region size 1024K, 53 young (54272K), 8 survivors (8192K)
 Metaspace       used 48971K, committed 50304K, reserved 1114112K
  class space    used 6508K, committed 7168K, reserved 1048576K
}
Event: 4.321 GC heap after
{Heap after GC invocations=11 (full 0):
 garbage-first heap   total 96256K, used 35188K [0x0000000080000000, 0x0000000100000000)
  region size 1024K, 5 young (5120K), 5 survivors (5120K)
 Metaspace       used 48971K, committed 50304K, reserved 1114112K
  class space    used 6508K, committed 7168K, reserved 1048576K
}
Event: 4.845 GC heap before
{Heap before GC invocations=11 (full 0):
 garbage-first heap   total 96256K, used 81268K [0x0000000080000000, 0x0000000100000000)
  region size 1024K, 50 young (51200K), 5 survivors (5120K)
 Metaspace       used 53917K, committed 55424K, reserved 1114112K
  class space    used 7260K, committed 8000K, reserved 1048576K
}
Event: 4.850 GC heap after
{Heap after GC invocations=12 (full 0):
 garbage-first heap   total 96256K, used 38342K [0x0000000080000000, 0x0000000100000000)
  region size 1024K, 4 young (4096K), 4 survivors (4096K)
 Metaspace       used 53917K, committed 55424K, reserved 1114112K
  class space    used 7260K, committed 8000K, reserved 1048576K
}
Event: 5.249 GC heap before
{Heap before GC invocations=12 (full 0):
 garbage-first heap   total 96256K, used 72134K [0x0000000080000000, 0x0000000100000000)
  region size 1024K, 36 young (36864K), 4 survivors (4096K)
 Metaspace       used 58961K, committed 60480K, reserved 1114112K
  class space    used 7963K, committed 8704K, reserved 1048576K
}
Event: 5.254 GC heap after
{Heap after GC invocations=13 (full 0):
 garbage-first heap   total 96256K, used 41043K [0x0000000080000000, 0x0000000100000000)
  region size 1024K, 6 young (6144K), 6 survivors (6144K)
 Metaspace       used 58961K, committed 60480K, reserved 1114112K
  class space    used 7963K, committed 8704K, reserved 1048576K
}
Event: 5.818 GC heap before
{Heap before GC invocations=14 (full 0):
 garbage-first heap   total 96256K, used 82003K [0x0000000080000000, 0x0000000100000000)
  region size 1024K, 47 young (48128K), 6 survivors (6144K)
 Metaspace       used 65344K, committed 66944K, reserved 1114112K
  class space    used 8813K, committed 9600K, reserved 1048576K
}
Event: 5.826 GC heap after
{Heap after GC invocations=15 (full 0):
 garbage-first heap   total 96256K, used 44186K [0x0000000080000000, 0x0000000100000000)
  region size 1024K, 6 young (6144K), 6 survivors (6144K)
 Metaspace       used 65344K, committed 66944K, reserved 1114112K
  class space    used 8813K, committed 9600K, reserved 1048576K
}
Event: 6.373 GC heap before
{Heap before GC invocations=15 (full 0):
 garbage-first heap   total 96256K, used 82074K [0x0000000080000000, 0x0000000100000000)
  region size 1024K, 44 young (45056K), 6 survivors (6144K)
 Metaspace       used 67564K, committed 69184K, reserved 1114112K
  class space    used 9118K, committed 9920K, reserved 1048576K
}
Event: 6.381 GC heap after
{Heap after GC invocations=16 (full 0):
 garbage-first heap   total 115712K, used 47786K [0x0000000080000000, 0x0000000100000000)
  region size 1024K, 4 young (4096K), 4 survivors (4096K)
 Metaspace       used 67564K, committed 69184K, reserved 1114112K
  class space    used 9118K, committed 9920K, reserved 1048576K
}

