# JRE version: OpenJDK Runtime Environment (21.0.6) (build 21.0.6+-13368085-b895.109)
# Java VM: OpenJDK 64-Bit Server VM (21.0.6+-13368085-b895.109, mixed mode, tiered, compressed oops, compressed class ptrs, g1 gc, windows-amd64)
GC Precious Log:
 CardTable entry size: 512
 Card Set container configuration: InlinePtr #cards 5 size 8 Array Of Cards #cards 12 size 40 Howl #buckets 4 coarsen threshold 1843 Howl Bitmap #cards 512 size 80 coarsen threshold 460 Card regions per heap region 1 cards per card region 2048
 CPUs: 8 total, 8 available
 Memory: 8070M
 Large Page Support: Disabled
 NUMA Support: Disabled
 Compressed Oops: Enabled (32-bit)
 Heap Region Size: 1M
 Heap Min Capacity: 8M
 Heap Initial Capacity: 128M
 Heap Max Capacity: 2G
 Pre-touch: Disabled
 Parallel Workers: 8
 Concurrent Workers: 2
 Concurrent Refinement Workers: 8
 Periodic GC: Disabled
Heap:
 garbage-first heap   total 114688K, used 100888K [0x0000000080000000, 0x0000000100000000)
  region size 1024K, 49 young (50176K), 5 survivors (5120K)
 Metaspace       used 71612K, committed 73280K, reserved 1114112K
  class space    used 9562K, committed 10368K, reserved 1048576K
GC Heap History (20 events):
Event: 2.591 GC heap before
{Heap before GC invocations=5 (full 0):
 garbage-first heap   total 71680K, used 70733K [0x0000000080000000, 0x0000000100000000)
  region size 1024K, 58 young (59392K), 9 survivors (9216K)
 Metaspace       used 29274K, committed 29952K, reserved 1114112K
  class space    used 3731K, committed 4032K, reserved 1048576K
}
Event: 2.598 GC heap after
{Heap after GC invocations=6 (full 0):
 garbage-first heap   total 82944K, used 22875K [0x0000000080000000, 0x0000000100000000)
  region size 1024K, 6 young (6144K), 6 survivors (6144K)
 Metaspace       used 29274K, committed 29952K, reserved 1114112K
  class space    used 3731K, committed 4032K, reserved 1048576K
}
Event: 3.159 GC heap before
{Heap before GC invocations=6 (full 0):
 garbage-first heap   total 82944K, used 64859K [0x0000000080000000, 0x0000000100000000)
  region size 1024K, 47 young (48128K), 6 survivors (6144K)
 Metaspace       used 34871K, committed 35776K, reserved 1114112K
  class space    used 4649K, committed 5056K, reserved 1048576K
}
Event: 3.165 GC heap after
{Heap after GC invocations=7 (full 0):
 garbage-first heap   total 100352K, used 25728K [0x0000000080000000, 0x0000000100000000)
  region size 1024K, 6 young (6144K), 6 survivors (6144K)
 Metaspace       used 34871K, committed 35776K, reserved 1114112K
  class space    used 4649K, committed 5056K, reserved 1048576K
}
Event: 3.206 GC heap before
{Heap before GC invocations=7 (full 0):
 garbage-first heap   total 100352K, used 28800K [0x0000000080000000, 0x0000000100000000)
  region size 1024K, 10 young (10240K), 6 survivors (6144K)
 Metaspace       used 35272K, committed 36160K, reserved 1114112K
  class space    used 4728K, committed 5184K, reserved 1048576K
}
Event: 3.211 GC heap after
{Heap after GC invocations=8 (full 0):
 garbage-first heap   total 100352K, used 26037K [0x0000000080000000, 0x0000000100000000)
  region size 1024K, 3 young (3072K), 3 survivors (3072K)
 Metaspace       used 35272K, committed 36160K, reserved 1114112K
  class space    used 4728K, committed 5184K, reserved 1048576K
}
Event: 3.808 GC heap before
{Heap before GC invocations=9 (full 0):
 garbage-first heap   total 89088K, used 81333K [0x0000000080000000, 0x0000000100000000)
  region size 1024K, 58 young (59392K), 3 survivors (3072K)
 Metaspace       used 45223K, committed 46464K, reserved 1114112K
  class space    used 6032K, committed 6656K, reserved 1048576K
}
Event: 3.814 GC heap after
{Heap after GC invocations=10 (full 0):
 garbage-first heap   total 92160K, used 31292K [0x0000000080000000, 0x0000000100000000)
  region size 1024K, 8 young (8192K), 8 survivors (8192K)
 Metaspace       used 45223K, committed 46464K, reserved 1114112K
  class space    used 6032K, committed 6656K, reserved 1048576K
}
Event: 4.234 GC heap before
{Heap before GC invocations=10 (full 0):
 garbage-first heap   total 92160K, used 81468K [0x0000000080000000, 0x0000000100000000)
  region size 1024K, 52 young (53248K), 8 survivors (8192K)
 Metaspace       used 48961K, committed 50240K, reserved 1114112K
  class space    used 6505K, committed 7168K, reserved 1048576K
}
Event: 4.241 GC heap after
{Heap after GC invocations=11 (full 0):
 garbage-first heap   total 95232K, used 35075K [0x0000000080000000, 0x0000000100000000)
  region size 1024K, 5 young (5120K), 5 survivors (5120K)
 Metaspace       used 48961K, committed 50240K, reserved 1114112K
  class space    used 6505K, committed 7168K, reserved 1048576K
}
Event: 4.702 GC heap before
{Heap before GC invocations=11 (full 0):
 garbage-first heap   total 95232K, used 81155K [0x0000000080000000, 0x0000000100000000)
  region size 1024K, 50 young (51200K), 5 survivors (5120K)
 Metaspace       used 53574K, committed 55040K, reserved 1114112K
  class space    used 7214K, committed 7936K, reserved 1048576K
}
Event: 4.708 GC heap after
{Heap after GC invocations=12 (full 0):
 garbage-first heap   total 114688K, used 37991K [0x0000000080000000, 0x0000000100000000)
  region size 1024K, 4 young (4096K), 4 survivors (4096K)
 Metaspace       used 53574K, committed 55040K, reserved 1114112K
  class space    used 7214K, committed 7936K, reserved 1048576K
}
Event: 5.216 GC heap before
{Heap before GC invocations=12 (full 0):
 garbage-first heap   total 114688K, used 72807K [0x0000000080000000, 0x0000000100000000)
  region size 1024K, 38 young (38912K), 4 survivors (4096K)
 Metaspace       used 58970K, committed 60480K, reserved 1114112K
  class space    used 7960K, committed 8704K, reserved 1048576K
}
Event: 5.221 GC heap after
{Heap after GC invocations=13 (full 0):
 garbage-first heap   total 114688K, used 41118K [0x0000000080000000, 0x0000000100000000)
  region size 1024K, 6 young (6144K), 6 survivors (6144K)
 Metaspace       used 58970K, committed 60480K, reserved 1114112K
  class space    used 7960K, committed 8704K, reserved 1048576K
}
Event: 6.109 GC heap before
{Heap before GC invocations=14 (full 0):
 garbage-first heap   total 114688K, used 100510K [0x0000000080000000, 0x0000000100000000)
  region size 1024K, 64 young (65536K), 6 survivors (6144K)
 Metaspace       used 66831K, committed 68544K, reserved 1114112K
  class space    used 9016K, committed 9856K, reserved 1048576K
}
Event: 6.118 GC heap after
{Heap after GC invocations=15 (full 0):
 garbage-first heap   total 114688K, used 46131K [0x0000000080000000, 0x0000000100000000)
  region size 1024K, 8 young (8192K), 8 survivors (8192K)
 Metaspace       used 66831K, committed 68544K, reserved 1114112K
  class space    used 9016K, committed 9856K, reserved 1048576K
}
Event: 6.636 GC heap before
{Heap before GC invocations=15 (full 0):
 garbage-first heap   total 114688K, used 97331K [0x0000000080000000, 0x0000000100000000)
  region size 1024K, 59 young (60416K), 8 survivors (8192K)
 Metaspace       used 68085K, committed 69760K, reserved 1114112K
  class space    used 9150K, committed 9984K, reserved 1048576K
}
Event: 6.646 GC heap after
{Heap after GC invocations=16 (full 0):
 garbage-first heap   total 114688K, used 48987K [0x0000000080000000, 0x0000000100000000)
  region size 1024K, 3 young (3072K), 3 survivors (3072K)
 Metaspace       used 68085K, committed 69760K, reserved 1114112K
  class space    used 9150K, committed 9984K, reserved 1048576K
}
Event: 7.146 GC heap before
{Heap before GC invocations=16 (full 0):
 garbage-first heap   total 114688K, used 100187K [0x0000000080000000, 0x0000000100000000)
  region size 1024K, 55 young (56320K), 3 survivors (3072K)
 Metaspace       used 68517K, committed 70208K, reserved 1114112K
  class space    used 9188K, committed 10048K, reserved 1048576K
}
Event: 7.151 GC heap after
{Heap after GC invocations=17 (full 0):
 garbage-first heap   total 114688K, used 50712K [0x0000000080000000, 0x0000000100000000)
  region size 1024K, 5 young (5120K), 5 survivors (5120K)
 Metaspace       used 68517K, committed 70208K, reserved 1114112K
  class space    used 9188K, committed 10048K, reserved 1048576K
}

