# JRE version: OpenJDK Runtime Environment (21.0.6) (build 21.0.6+-13368085-b895.109)
# Java VM: OpenJDK 64-Bit Server VM (21.0.6+-13368085-b895.109, mixed mode, tiered, compressed oops, compressed class ptrs, g1 gc, windows-amd64)
GC Precious Log:
 CardTable entry size: 512
 Card Set container configuration: InlinePtr #cards 5 size 8 Array Of Cards #cards 12 size 40 Howl #buckets 4 coarsen threshold 1843 Howl Bitmap #cards 512 size 80 coarsen threshold 460 Card regions per heap region 1 cards per card region 2048
 CPUs: 8 total, 8 available
 Memory: 8070M
 Large Page Support: Disabled
 NUMA Support: Disabled
 Compressed Oops: Enabled (32-bit)
 Heap Region Size: 1M
 Heap Min Capacity: 8M
 Heap Initial Capacity: 128M
 Heap Max Capacity: 2G
 Pre-touch: Disabled
 Parallel Workers: 8
 Concurrent Workers: 2
 Concurrent Refinement Workers: 8
 Periodic GC: Disabled
Heap:
 garbage-first heap   total 113664K, used 50541K [0x0000000080000000, 0x0000000100000000)
  region size 1024K, 3 young (3072K), 3 survivors (3072K)
 Metaspace       used 68556K, committed 70336K, reserved 1114112K
  class space    used 9211K, committed 10112K, reserved 1048576K
GC Heap History (20 events):
Event: 3.283 GC heap after
{Heap after GC invocations=6 (full 0):
 garbage-first heap   total 83968K, used 23684K [0x0000000080000000, 0x0000000100000000)
  region size 1024K, 7 young (7168K), 7 survivors (7168K)
 Metaspace       used 29344K, committed 29888K, reserved 1114112K
  class space    used 3742K, committed 3968K, reserved 1048576K
}
Event: 4.697 GC heap before
{Heap before GC invocations=6 (full 0):
 garbage-first heap   total 83968K, used 66692K [0x0000000080000000, 0x0000000100000000)
  region size 1024K, 49 young (50176K), 7 survivors (7168K)
 Metaspace       used 35140K, committed 35968K, reserved 1114112K
  class space    used 4705K, committed 5120K, reserved 1048576K
}
Event: 4.704 GC heap after
{Heap after GC invocations=7 (full 0):
 garbage-first heap   total 83968K, used 26243K [0x0000000080000000, 0x0000000100000000)
  region size 1024K, 6 young (6144K), 6 survivors (6144K)
 Metaspace       used 35140K, committed 35968K, reserved 1114112K
  class space    used 4705K, committed 5120K, reserved 1048576K
}
Event: 4.723 GC heap before
{Heap before GC invocations=7 (full 0):
 garbage-first heap   total 83968K, used 27267K [0x0000000080000000, 0x0000000100000000)
  region size 1024K, 8 young (8192K), 6 survivors (6144K)
 Metaspace       used 35296K, committed 36160K, reserved 1114112K
  class space    used 4730K, committed 5184K, reserved 1048576K
}
Event: 4.728 GC heap after
{Heap after GC invocations=8 (full 0):
 garbage-first heap   total 83968K, used 26662K [0x0000000080000000, 0x0000000100000000)
  region size 1024K, 4 young (4096K), 4 survivors (4096K)
 Metaspace       used 35296K, committed 36160K, reserved 1114112K
  class space    used 4730K, committed 5184K, reserved 1048576K
}
Event: 5.274 GC heap before
{Heap before GC invocations=9 (full 0):
 garbage-first heap   total 83968K, used 71718K [0x0000000080000000, 0x0000000100000000)
  region size 1024K, 48 young (49152K), 4 survivors (4096K)
 Metaspace       used 42015K, committed 43264K, reserved 1114112K
  class space    used 5686K, committed 6336K, reserved 1048576K
}
Event: 5.278 GC heap after
{Heap after GC invocations=10 (full 0):
 garbage-first heap   total 83968K, used 29599K [0x0000000080000000, 0x0000000100000000)
  region size 1024K, 6 young (6144K), 6 survivors (6144K)
 Metaspace       used 42015K, committed 43264K, reserved 1114112K
  class space    used 5686K, committed 6336K, reserved 1048576K
}
Event: 5.728 GC heap before
{Heap before GC invocations=10 (full 0):
 garbage-first heap   total 83968K, used 71583K [0x0000000080000000, 0x0000000100000000)
  region size 1024K, 48 young (49152K), 6 survivors (6144K)
 Metaspace       used 47485K, committed 48768K, reserved 1114112K
  class space    used 6381K, committed 7040K, reserved 1048576K
}
Event: 5.734 GC heap after
{Heap after GC invocations=11 (full 0):
 garbage-first heap   total 83968K, used 33240K [0x0000000080000000, 0x0000000100000000)
  region size 1024K, 6 young (6144K), 6 survivors (6144K)
 Metaspace       used 47485K, committed 48768K, reserved 1114112K
  class space    used 6381K, committed 7040K, reserved 1048576K
}
Event: 6.127 GC heap before
{Heap before GC invocations=11 (full 0):
 garbage-first heap   total 83968K, used 77272K [0x0000000080000000, 0x0000000100000000)
  region size 1024K, 44 young (45056K), 6 survivors (6144K)
 Metaspace       used 51090K, committed 52480K, reserved 1114112K
  class space    used 6814K, committed 7488K, reserved 1048576K
}
Event: 6.136 GC heap after
{Heap after GC invocations=12 (full 0):
 garbage-first heap   total 107520K, used 38314K [0x0000000080000000, 0x0000000100000000)
  region size 1024K, 5 young (5120K), 5 survivors (5120K)
 Metaspace       used 51090K, committed 52480K, reserved 1114112K
  class space    used 6814K, committed 7488K, reserved 1048576K
}
Event: 6.918 GC heap before
{Heap before GC invocations=12 (full 0):
 garbage-first heap   total 107520K, used 93610K [0x0000000080000000, 0x0000000100000000)
  region size 1024K, 59 young (60416K), 5 survivors (5120K)
 Metaspace       used 58905K, committed 60416K, reserved 1114112K
  class space    used 7974K, committed 8704K, reserved 1048576K
}
Event: 6.925 GC heap after
{Heap after GC invocations=13 (full 0):
 garbage-first heap   total 107520K, used 41697K [0x0000000080000000, 0x0000000100000000)
  region size 1024K, 7 young (7168K), 7 survivors (7168K)
 Metaspace       used 58905K, committed 60416K, reserved 1114112K
  class space    used 7974K, committed 8704K, reserved 1048576K
}
Event: 7.705 GC heap before
{Heap before GC invocations=14 (full 0):
 garbage-first heap   total 107520K, used 93921K [0x0000000080000000, 0x0000000100000000)
  region size 1024K, 58 young (59392K), 7 survivors (7168K)
 Metaspace       used 66511K, committed 68224K, reserved 1114112K
  class space    used 9008K, committed 9856K, reserved 1048576K
}
Event: 7.713 GC heap after
{Heap after GC invocations=15 (full 0):
 garbage-first heap   total 107520K, used 45858K [0x0000000080000000, 0x0000000100000000)
  region size 1024K, 8 young (8192K), 8 survivors (8192K)
 Metaspace       used 66511K, committed 68224K, reserved 1114112K
  class space    used 9008K, committed 9856K, reserved 1048576K
}
Event: 8.227 GC heap before
{Heap before GC invocations=15 (full 0):
 garbage-first heap   total 107520K, used 91938K [0x0000000080000000, 0x0000000100000000)
  region size 1024K, 54 young (55296K), 8 survivors (8192K)
 Metaspace       used 68008K, committed 69632K, reserved 1114112K
  class space    used 9174K, committed 9984K, reserved 1048576K
}
Event: 8.235 GC heap after
{Heap after GC invocations=16 (full 0):
 garbage-first heap   total 107520K, used 48427K [0x0000000080000000, 0x0000000100000000)
  region size 1024K, 4 young (4096K), 4 survivors (4096K)
 Metaspace       used 68008K, committed 69632K, reserved 1114112K
  class space    used 9174K, committed 9984K, reserved 1048576K
}
Event: 8.594 GC heap before
{Heap before GC invocations=16 (full 0):
 garbage-first heap   total 107520K, used 94507K [0x0000000080000000, 0x0000000100000000)
  region size 1024K, 50 young (51200K), 4 survivors (4096K)
 Metaspace       used 68337K, committed 70016K, reserved 1114112K
  class space    used 9174K, committed 9984K, reserved 1048576K
}
Event: 8.598 GC heap after
{Heap after GC invocations=17 (full 0):
 garbage-first heap   total 107520K, used 49368K [0x0000000080000000, 0x0000000100000000)
  region size 1024K, 5 young (5120K), 5 survivors (5120K)
 Metaspace       used 68337K, committed 70016K, reserved 1114112K
  class space    used 9174K, committed 9984K, reserved 1048576K
}
Event: 8.755 GC heap before
{Heap before GC invocations=17 (full 0):
 garbage-first heap   total 107520K, used 66776K [0x0000000080000000, 0x0000000100000000)
  region size 1024K, 23 young (23552K), 5 survivors (5120K)
 Metaspace       used 68556K, committed 70336K, reserved 1114112K
  class space    used 9211K, committed 10112K, reserved 1048576K
}

