# JRE version: OpenJDK Runtime Environment (21.0.6) (build 21.0.6+-13368085-b895.109)
# Java VM: OpenJDK 64-Bit Server VM (21.0.6+-13368085-b895.109, mixed mode, tiered, compressed oops, compressed class ptrs, g1 gc, windows-amd64)
GC Precious Log:
 CardTable entry size: 512
 Card Set container configuration: InlinePtr #cards 5 size 8 Array Of Cards #cards 12 size 40 Howl #buckets 4 coarsen threshold 1843 Howl Bitmap #cards 512 size 80 coarsen threshold 460 Card regions per heap region 1 cards per card region 2048
 CPUs: 8 total, 8 available
 Memory: 8070M
 Large Page Support: Disabled
 NUMA Support: Disabled
 Compressed Oops: Enabled (32-bit)
 Heap Region Size: 1M
 Heap Min Capacity: 8M
 Heap Initial Capacity: 128M
 Heap Max Capacity: 2G
 Pre-touch: Disabled
 Parallel Workers: 8
 Concurrent Workers: 2
 Concurrent Refinement Workers: 8
 Periodic GC: Disabled
Heap:
 garbage-first heap   total 116736K, used 94640K [0x0000000080000000, 0x0000000100000000)
  region size 1024K, 58 young (59392K), 9 survivors (9216K)
 Metaspace       used 68067K, committed 69760K, reserved 1114112K
  class space    used 9159K, committed 9984K, reserved 1048576K
GC Heap History (20 events):
Event: 1.672 GC heap before
{Heap before GC invocations=2 (full 0):
 garbage-first heap   total 131072K, used 60161K [0x0000000080000000, 0x0000000100000000)
  region size 1024K, 51 young (52224K), 5 survivors (5120K)
 Metaspace       used 13029K, committed 13248K, reserved 1114112K
  class space    used 1428K, committed 1536K, reserved 1048576K
}
Event: 1.678 GC heap after
{Heap after GC invocations=3 (full 0):
 garbage-first heap   total 131072K, used 16966K [0x0000000080000000, 0x0000000100000000)
  region size 1024K, 5 young (5120K), 5 survivors (5120K)
 Metaspace       used 13029K, committed 13248K, reserved 1114112K
  class space    used 1428K, committed 1536K, reserved 1048576K
}
Event: 2.128 GC heap before
{Heap before GC invocations=3 (full 0):
 garbage-first heap   total 131072K, used 42566K [0x0000000080000000, 0x0000000100000000)
  region size 1024K, 31 young (31744K), 5 survivors (5120K)
 Metaspace       used 21192K, committed 21504K, reserved 1114112K
  class space    used 2439K, committed 2624K, reserved 1048576K
}
Event: 2.133 GC heap after
{Heap after GC invocations=4 (full 0):
 garbage-first heap   total 131072K, used 20379K [0x0000000080000000, 0x0000000100000000)
  region size 1024K, 9 young (9216K), 9 survivors (9216K)
 Metaspace       used 21192K, committed 21504K, reserved 1114112K
  class space    used 2439K, committed 2624K, reserved 1048576K
}
Event: 2.775 GC heap before
{Heap before GC invocations=5 (full 0):
 garbage-first heap   total 71680K, used 70555K [0x0000000080000000, 0x0000000100000000)
  region size 1024K, 58 young (59392K), 9 survivors (9216K)
 Metaspace       used 29356K, committed 29952K, reserved 1114112K
  class space    used 3747K, committed 4032K, reserved 1048576K
}
Event: 2.783 GC heap after
{Heap after GC invocations=6 (full 0):
 garbage-first heap   total 83968K, used 23018K [0x0000000080000000, 0x0000000100000000)
  region size 1024K, 7 young (7168K), 7 survivors (7168K)
 Metaspace       used 29356K, committed 29952K, reserved 1114112K
  class space    used 3747K, committed 4032K, reserved 1048576K
}
Event: 3.316 GC heap before
{Heap before GC invocations=6 (full 0):
 garbage-first heap   total 83968K, used 66026K [0x0000000080000000, 0x0000000100000000)
  region size 1024K, 49 young (50176K), 7 survivors (7168K)
 Metaspace       used 35120K, committed 35968K, reserved 1114112K
  class space    used 4707K, committed 5120K, reserved 1048576K
}
Event: 3.324 GC heap after
{Heap after GC invocations=7 (full 0):
 garbage-first heap   total 101376K, used 25544K [0x0000000080000000, 0x0000000100000000)
  region size 1024K, 6 young (6144K), 6 survivors (6144K)
 Metaspace       used 35120K, committed 35968K, reserved 1114112K
  class space    used 4707K, committed 5120K, reserved 1048576K
}
Event: 3.333 GC heap before
{Heap before GC invocations=7 (full 0):
 garbage-first heap   total 101376K, used 26568K [0x0000000080000000, 0x0000000100000000)
  region size 1024K, 8 young (8192K), 6 survivors (6144K)
 Metaspace       used 35213K, committed 36096K, reserved 1114112K
  class space    used 4720K, committed 5184K, reserved 1048576K
}
Event: 3.337 GC heap after
{Heap after GC invocations=8 (full 0):
 garbage-first heap   total 101376K, used 25543K [0x0000000080000000, 0x0000000100000000)
  region size 1024K, 3 young (3072K), 3 survivors (3072K)
 Metaspace       used 35213K, committed 36096K, reserved 1114112K
  class space    used 4720K, committed 5184K, reserved 1048576K
}
Event: 3.949 GC heap before
{Heap before GC invocations=9 (full 0):
 garbage-first heap   total 86016K, used 81863K [0x0000000080000000, 0x0000000100000000)
  region size 1024K, 59 young (60416K), 3 survivors (3072K)
 Metaspace       used 45278K, committed 46464K, reserved 1114112K
  class space    used 6045K, committed 6656K, reserved 1048576K
}
Event: 3.957 GC heap after
{Heap after GC invocations=10 (full 0):
 garbage-first heap   total 92160K, used 31210K [0x0000000080000000, 0x0000000100000000)
  region size 1024K, 8 young (8192K), 8 survivors (8192K)
 Metaspace       used 45278K, committed 46464K, reserved 1114112K
  class space    used 6045K, committed 6656K, reserved 1048576K
}
Event: 4.395 GC heap before
{Heap before GC invocations=10 (full 0):
 garbage-first heap   total 92160K, used 83434K [0x0000000080000000, 0x0000000100000000)
  region size 1024K, 54 young (55296K), 8 survivors (8192K)
 Metaspace       used 48983K, committed 50240K, reserved 1114112K
  class space    used 6513K, committed 7168K, reserved 1048576K
}
Event: 4.408 GC heap after
{Heap after GC invocations=11 (full 0):
 garbage-first heap   total 97280K, used 35254K [0x0000000080000000, 0x0000000100000000)
  region size 1024K, 5 young (5120K), 5 survivors (5120K)
 Metaspace       used 48983K, committed 50240K, reserved 1114112K
  class space    used 6513K, committed 7168K, reserved 1048576K
}
Event: 5.045 GC heap before
{Heap before GC invocations=11 (full 0):
 garbage-first heap   total 97280K, used 83382K [0x0000000080000000, 0x0000000100000000)
  region size 1024K, 52 young (53248K), 5 survivors (5120K)
 Metaspace       used 54646K, committed 56128K, reserved 1114112K
  class space    used 7390K, committed 8128K, reserved 1048576K
}
Event: 5.052 GC heap after
{Heap after GC invocations=12 (full 0):
 garbage-first heap   total 116736K, used 38419K [0x0000000080000000, 0x0000000100000000)
  region size 1024K, 4 young (4096K), 4 survivors (4096K)
 Metaspace       used 54646K, committed 56128K, reserved 1114112K
  class space    used 7390K, committed 8128K, reserved 1048576K
}
Event: 5.504 GC heap before
{Heap before GC invocations=12 (full 0):
 garbage-first heap   total 116736K, used 68115K [0x0000000080000000, 0x0000000100000000)
  region size 1024K, 33 young (33792K), 4 survivors (4096K)
 Metaspace       used 58913K, committed 60416K, reserved 1114112K
  class space    used 7970K, committed 8704K, reserved 1048576K
}
Event: 5.510 GC heap after
{Heap after GC invocations=13 (full 0):
 garbage-first heap   total 116736K, used 40959K [0x0000000080000000, 0x0000000100000000)
  region size 1024K, 5 young (5120K), 5 survivors (5120K)
 Metaspace       used 58913K, committed 60416K, reserved 1114112K
  class space    used 7970K, committed 8704K, reserved 1048576K
}
Event: 6.578 GC heap before
{Heap before GC invocations=14 (full 0):
 garbage-first heap   total 116736K, used 102399K [0x0000000080000000, 0x0000000100000000)
  region size 1024K, 65 young (66560K), 5 survivors (5120K)
 Metaspace       used 66929K, committed 68544K, reserved 1114112K
  class space    used 9033K, committed 9792K, reserved 1048576K
}
Event: 6.589 GC heap after
{Heap after GC invocations=15 (full 0):
 garbage-first heap   total 116736K, used 46512K [0x0000000080000000, 0x0000000100000000)
  region size 1024K, 9 young (9216K), 9 survivors (9216K)
 Metaspace       used 66929K, committed 68544K, reserved 1114112K
  class space    used 9033K, committed 9792K, reserved 1048576K
}

